[0.141s] DEBUG:colcon:Command line arguments: ['/usr/bin/colcon', 'build', '--cmake-target', 'clean', '--cmake-target-skip-unavailable']
[0.141s] DEBUG:colcon:Parsed command line arguments: Namespace(ament_cmake_args=None, base_paths='.', build_base='build', catkin_cmake_args=None, catkin_skip_building_tests=False, cmake_args=None, cmake_clean_cache=False, cmake_clean_first=False, cmake_force_configure=False, cmake_target='clean', cmake_target_skip_unavailable=True, continue_on_error=False, event_handlers=None, executor='parallel', ignore_user_meta=False, install_base='install', log_base='log', log_level=None, main=<bound method BuildVerb.main of <colcon_core.verb.build.BuildVerb object at 0x7fcc7ee9bdd8>>, merge_install=False, metas='./colcon.meta', packages_above=None, packages_above_depth=None, packages_end=None, packages_ignore=None, packages_ignore_regex=None, packages_select=None, packages_select_build_failed=False, packages_select_by_dep=None, packages_select_regex=None, packages_select_test_failures=False, packages_skip=None, packages_skip_build_finished=False, packages_skip_by_dep=None, packages_skip_regex=None, packages_skip_test_passed=False, packages_skip_up_to=None, packages_start=None, packages_up_to=None, parallel_workers=4, paths=None, symlink_install=False, test_result_base=None, verb_extension=<colcon_core.verb.build.BuildVerb object at 0x7fcc7ee9bdd8>, verb_name='build', verb_parser=<colcon_defaults.argument_parser.defaults.DefaultArgumentsDecorator object at 0x7fcc7eea6128>)
[0.176s] Level 1:colcon.colcon_core.package_discovery:discover_packages(colcon_meta) check parameters
[0.177s] Level 1:colcon.colcon_core.package_discovery:discover_packages(recursive) check parameters
[0.177s] Level 1:colcon.colcon_core.package_discovery:discover_packages(ignore) check parameters
[0.177s] Level 1:colcon.colcon_core.package_discovery:discover_packages(path) check parameters
[0.177s] Level 1:colcon.colcon_core.package_discovery:discover_packages(recursive) discover
[0.177s] INFO:colcon.colcon_core.package_discovery:Crawling recursively for packages in '/home/jst3si/uros_ws/firmware/apps'
[0.177s] Level 1:colcon.colcon_core.package_identification:_identify(/home/jst3si/uros_ws/firmware/apps) by extensions ['ignore', 'ignore_ament_install']
[0.177s] Level 1:colcon.colcon_core.package_identification:_identify(/home/jst3si/uros_ws/firmware/apps) by extension 'ignore'
[0.178s] Level 1:colcon.colcon_core.package_identification:_identify(/home/jst3si/uros_ws/firmware/apps) by extension 'ignore_ament_install'
[0.178s] Level 1:colcon.colcon_core.package_identification:_identify(/home/jst3si/uros_ws/firmware/apps) by extensions ['colcon_pkg']
[0.178s] Level 1:colcon.colcon_core.package_identification:_identify(/home/jst3si/uros_ws/firmware/apps) by extension 'colcon_pkg'
[0.178s] Level 1:colcon.colcon_core.package_identification:_identify(/home/jst3si/uros_ws/firmware/apps) by extensions ['colcon_meta']
[0.178s] Level 1:colcon.colcon_core.package_identification:_identify(/home/jst3si/uros_ws/firmware/apps) by extension 'colcon_meta'
[0.178s] Level 1:colcon.colcon_core.package_identification:_identify(/home/jst3si/uros_ws/firmware/apps) by extensions ['ros']
[0.178s] Level 1:colcon.colcon_core.package_identification:_identify(/home/jst3si/uros_ws/firmware/apps) by extension 'ros'
[0.191s] DEBUG:colcon.colcon_core.package_identification:Package '/home/jst3si/uros_ws/firmware/apps' with type 'ros.catkin' and name 'firmware'
[0.191s] Level 1:colcon.colcon_core.package_discovery:discover_packages(recursive) using defaults
[0.196s] Level 5:colcon.colcon_core.verb:set package 'firmware' build argument 'cmake_args' from command line to 'None'
[0.196s] Level 5:colcon.colcon_core.verb:set package 'firmware' build argument 'cmake_target' from command line to 'clean'
[0.196s] Level 5:colcon.colcon_core.verb:set package 'firmware' build argument 'cmake_target_skip_unavailable' from command line to 'True'
[0.196s] Level 5:colcon.colcon_core.verb:set package 'firmware' build argument 'cmake_clean_cache' from command line to 'False'
[0.196s] Level 5:colcon.colcon_core.verb:set package 'firmware' build argument 'cmake_clean_first' from command line to 'False'
[0.196s] Level 5:colcon.colcon_core.verb:set package 'firmware' build argument 'cmake_force_configure' from command line to 'False'
[0.196s] Level 5:colcon.colcon_core.verb:set package 'firmware' build argument 'ament_cmake_args' from command line to 'None'
[0.196s] Level 5:colcon.colcon_core.verb:set package 'firmware' build argument 'catkin_cmake_args' from command line to 'None'
[0.196s] Level 5:colcon.colcon_core.verb:set package 'firmware' build argument 'catkin_skip_building_tests' from command line to 'False'
[0.196s] DEBUG:colcon.colcon_core.verb:Building package 'firmware' with the following arguments: {'ament_cmake_args': None, 'build_base': '/home/jst3si/uros_ws/firmware/apps/build/firmware', 'catkin_cmake_args': None, 'catkin_skip_building_tests': False, 'cmake_args': None, 'cmake_clean_cache': False, 'cmake_clean_first': False, 'cmake_force_configure': False, 'cmake_target': 'clean', 'cmake_target_skip_unavailable': True, 'install_base': '/home/jst3si/uros_ws/firmware/apps/install/firmware', 'merge_install': False, 'path': '/home/jst3si/uros_ws/firmware/apps', 'symlink_install': False, 'test_result_base': None}
[0.198s] INFO:colcon.colcon_core.executor:Executing jobs using 'parallel' executor
[0.198s] DEBUG:colcon.colcon_parallel_executor.executor.parallel:run_until_complete
[0.198s] INFO:colcon.colcon_ros.task.catkin.build:Building ROS package in '/home/jst3si/uros_ws/firmware/apps' with build type 'catkin'
[0.198s] INFO:colcon.colcon_cmake.task.cmake.build:Building CMake package in '/home/jst3si/uros_ws/firmware/apps'
[0.202s] INFO:colcon.colcon_core.plugin_system:Skipping extension 'colcon_core.shell.bat': Not used on non-Windows systems
[0.202s] INFO:colcon.colcon_core.shell:Skip shell extension 'powershell' for command environment: Not usable outside of PowerShell
[0.203s] DEBUG:colcon.colcon_core.shell:Skip shell extension 'dsv' for command environment
[0.208s] DEBUG:colcon.colcon_core.shell:Ignoring prefix path '/opt/ros/dashing'
[0.216s] DEBUG:colcon.colcon_core.event_handler.log_command:Invoking command in '/home/jst3si/uros_ws/firmware/apps/build/firmware': /usr/bin/cmake /home/jst3si/uros_ws/firmware/apps -DCATKIN_INSTALL_INTO_PREFIX_ROOT=0 -DCMAKE_INSTALL_PREFIX=/home/jst3si/uros_ws/firmware/apps/install/firmware
[0.228s] Level 1:colcon.colcon_core.shell:create_environment_hook('firmware', 'ros_package_path')
[0.229s] INFO:colcon.colcon_core.shell:Creating environment hook '/home/jst3si/uros_ws/firmware/apps/install/firmware/share/firmware/hook/ros_package_path.ps1'
[0.230s] DEBUG:colcon.colcon_core.event_handler.log_command:Invoked command in '/home/jst3si/uros_ws/firmware/apps/build/firmware' returned '1': /usr/bin/cmake /home/jst3si/uros_ws/firmware/apps -DCATKIN_INSTALL_INTO_PREFIX_ROOT=0 -DCMAKE_INSTALL_PREFIX=/home/jst3si/uros_ws/firmware/apps/install/firmware
[0.231s] INFO:colcon.colcon_core.shell:Creating environment descriptor '/home/jst3si/uros_ws/firmware/apps/install/firmware/share/firmware/hook/ros_package_path.dsv'
[0.231s] INFO:colcon.colcon_core.shell:Creating environment hook '/home/jst3si/uros_ws/firmware/apps/install/firmware/share/firmware/hook/ros_package_path.sh'
[0.231s] Level 1:colcon.colcon_core.shell:create_environment_hook('firmware', 'pkg_config_path')
[0.232s] INFO:colcon.colcon_core.shell:Creating environment hook '/home/jst3si/uros_ws/firmware/apps/install/firmware/share/firmware/hook/pkg_config_path.ps1'
[0.232s] INFO:colcon.colcon_core.shell:Creating environment descriptor '/home/jst3si/uros_ws/firmware/apps/install/firmware/share/firmware/hook/pkg_config_path.dsv'
[0.233s] INFO:colcon.colcon_core.shell:Creating environment hook '/home/jst3si/uros_ws/firmware/apps/install/firmware/share/firmware/hook/pkg_config_path.sh'
[0.235s] Level 1:colcon.colcon_core.shell:create_environment_hook('firmware', 'pkg_config_path_multiarch')
[0.236s] INFO:colcon.colcon_core.shell:Creating environment hook '/home/jst3si/uros_ws/firmware/apps/install/firmware/share/firmware/hook/pkg_config_path_multiarch.ps1'
[0.237s] INFO:colcon.colcon_core.shell:Creating environment descriptor '/home/jst3si/uros_ws/firmware/apps/install/firmware/share/firmware/hook/pkg_config_path_multiarch.dsv'
[0.237s] INFO:colcon.colcon_core.shell:Creating environment hook '/home/jst3si/uros_ws/firmware/apps/install/firmware/share/firmware/hook/pkg_config_path_multiarch.sh'
[0.238s] Level 1:colcon.colcon_core.environment:create_environment_scripts_only(firmware)
[0.241s] Level 1:colcon.colcon_core.environment:checking '/home/jst3si/uros_ws/firmware/apps/install/firmware' for CMake module files
[0.241s] Level 1:colcon.colcon_core.environment:checking '/home/jst3si/uros_ws/firmware/apps/install/firmware' for CMake config files
[0.242s] Level 1:colcon.colcon_core.environment:checking '/home/jst3si/uros_ws/firmware/apps/install/firmware/bin'
[0.242s] Level 1:colcon.colcon_core.environment:checking '/home/jst3si/uros_ws/firmware/apps/install/firmware/lib/pkgconfig/firmware.pc'
[0.242s] Level 1:colcon.colcon_core.environment:checking '/home/jst3si/uros_ws/firmware/apps/install/firmware/lib/python3.6/site-packages'
[0.243s] INFO:colcon.colcon_core.shell:Creating package script '/home/jst3si/uros_ws/firmware/apps/install/firmware/share/firmware/package.ps1'
[0.243s] INFO:colcon.colcon_core.shell:Creating package descriptor '/home/jst3si/uros_ws/firmware/apps/install/firmware/share/firmware/package.dsv'
[0.244s] INFO:colcon.colcon_core.shell:Creating package script '/home/jst3si/uros_ws/firmware/apps/install/firmware/share/firmware/package.sh'
[0.245s] INFO:colcon.colcon_core.shell:Creating package script '/home/jst3si/uros_ws/firmware/apps/install/firmware/share/firmware/package.bash'
[0.245s] INFO:colcon.colcon_core.shell:Creating package script '/home/jst3si/uros_ws/firmware/apps/install/firmware/share/firmware/package.zsh'
[0.246s] Level 1:colcon.colcon_core.environment:create_file_with_runtime_dependencies(/home/jst3si/uros_ws/firmware/apps/install/firmware/share/colcon-core/packages/firmware)
[0.247s] DEBUG:colcon.colcon_parallel_executor.executor.parallel:closing loop
[0.247s] DEBUG:colcon.colcon_parallel_executor.executor.parallel:loop closed
[0.247s] DEBUG:colcon.colcon_parallel_executor.executor.parallel:run_until_complete finished with '1'
[0.247s] DEBUG:colcon.colcon_core.event_reactor:joining thread
[0.253s] INFO:colcon.colcon_core.plugin_system:Skipping extension 'colcon_notification.desktop_notification.terminal_notifier': Not used on non-Darwin systems
[0.254s] INFO:colcon.colcon_core.plugin_system:Skipping extension 'colcon_notification.desktop_notification.win32': Not used on non-Windows systems
[0.254s] INFO:colcon.colcon_notification.desktop_notification:Sending desktop notification using 'notify2'
[0.256s] DEBUG:colcon.colcon_core.event_reactor:joined thread
[0.257s] INFO:colcon.colcon_core.shell:Creating prefix script '/home/jst3si/uros_ws/firmware/apps/install/local_setup.ps1'
[0.258s] INFO:colcon.colcon_core.shell:Creating prefix chain script '/home/jst3si/uros_ws/firmware/apps/install/setup.ps1'
[0.275s] INFO:colcon.colcon_core.shell:Creating prefix script '/home/jst3si/uros_ws/firmware/apps/install/local_setup.sh'
[0.276s] INFO:colcon.colcon_core.shell:Creating prefix util module '/home/jst3si/uros_ws/firmware/apps/install/_local_setup_util_sh.py'
[0.277s] INFO:colcon.colcon_core.shell:Creating prefix chain script '/home/jst3si/uros_ws/firmware/apps/install/setup.sh'
[0.282s] INFO:colcon.colcon_core.shell:Creating prefix script '/home/jst3si/uros_ws/firmware/apps/install/local_setup.bash'
[0.283s] INFO:colcon.colcon_core.shell:Creating prefix chain script '/home/jst3si/uros_ws/firmware/apps/install/setup.bash'
[0.288s] INFO:colcon.colcon_core.shell:Creating prefix script '/home/jst3si/uros_ws/firmware/apps/install/local_setup.zsh'
[0.288s] INFO:colcon.colcon_core.shell:Creating prefix chain script '/home/jst3si/uros_ws/firmware/apps/install/setup.zsh'
